# Logfile created on 2015-05-21 12:09:00 +0200 by logger.rb/44203
I, [2015-05-21T12:09:00.608161 #5583]  INFO -- : 0:  i18n (0.7.0) from /Users/romain/.rvm/gems/ruby-2.1.0/specifications/i18n-0.7.0.gemspec
I, [2015-05-21T12:09:05.679501 #5583]  INFO -- : 0:  json (1.8.2) from /Users/romain/.rvm/gems/ruby-2.1.0/specifications/json-1.8.2.gemspec
I, [2015-05-21T12:09:06.990445 #5583]  INFO -- : 0:  minitest (5.6.1) from /Users/romain/.rvm/gems/ruby-2.1.0/specifications/minitest-5.6.1.gemspec
I, [2015-05-21T12:09:08.397642 #5583]  INFO -- : 0:  thread_safe (0.3.5) from /Users/romain/.rvm/gems/ruby-2.1.0/specifications/thread_safe-0.3.5.gemspec
I, [2015-05-21T12:09:09.874485 #5583]  INFO -- : 0:  tzinfo (1.2.2) from /Users/romain/.rvm/gems/ruby-2.1.0/specifications/tzinfo-1.2.2.gemspec
I, [2015-05-21T12:09:11.727338 #5583]  INFO -- : 0:  activesupport (4.2.1) from /Users/romain/.rvm/gems/ruby-2.1.0/specifications/activesupport-4.2.1.gemspec
I, [2015-05-21T12:09:11.727919 #5583]  INFO -- : 0:  builder (3.2.2) from /Users/romain/.rvm/gems/ruby-2.1.0/specifications/builder-3.2.2.gemspec
I, [2015-05-21T12:09:13.169955 #5583]  INFO -- : 0:  activemodel (4.2.1) from /Users/romain/.rvm/gems/ruby-2.1.0/specifications/activemodel-4.2.1.gemspec
I, [2015-05-21T12:09:14.498400 #5583]  INFO -- : 0:  addressable (2.3.8) from /Users/romain/.rvm/gems/ruby-2.1.0/specifications/addressable-2.3.8.gemspec
I, [2015-05-21T12:09:16.159569 #5583]  INFO -- : 0:  awesome_print (1.6.1) from /Users/romain/.rvm/gems/ruby-2.1.0/specifications/awesome_print-1.6.1.gemspec
I, [2015-05-21T12:09:17.841324 #5583]  INFO -- : 0:  bson (2.3.0) from /Users/romain/.rvm/gems/ruby-2.1.0/specifications/bson-2.3.0.gemspec
I, [2015-05-21T12:09:17.842021 #5583]  INFO -- : 0:  coderay (1.1.0) from /Users/romain/.rvm/gems/ruby-2.1.0/specifications/coderay-1.1.0.gemspec
I, [2015-05-21T12:09:19.222266 #5583]  INFO -- : 0:  connection_pool (2.2.0) from /Users/romain/.rvm/gems/ruby-2.1.0/specifications/connection_pool-2.2.0.gemspec
I, [2015-05-21T12:09:20.755417 #5583]  INFO -- : 0:  safe_yaml (1.0.4) from /Users/romain/.rvm/gems/ruby-2.1.0/specifications/safe_yaml-1.0.4.gemspec
I, [2015-05-21T12:09:21.995759 #5583]  INFO -- : 0:  crack (0.4.2) from /Users/romain/.rvm/gems/ruby-2.1.0/specifications/crack-0.4.2.gemspec
I, [2015-05-21T12:09:21.996331 #5583]  INFO -- : 0:  diff-lcs (1.2.5) from /Users/romain/.rvm/gems/ruby-2.1.0/specifications/diff-lcs-1.2.5.gemspec
I, [2015-05-21T12:09:23.644858 #5583]  INFO -- : 0:  dotenv (2.0.1) from /Users/romain/.rvm/gems/ruby-2.1.0/specifications/dotenv-2.0.1.gemspec
I, [2015-05-21T12:09:23.645437 #5583]  INFO -- : 0:  multi_xml (0.5.5) from /Users/romain/.rvm/gems/ruby-2.1.0/specifications/multi_xml-0.5.5.gemspec
I, [2015-05-21T12:09:25.118198 #5583]  INFO -- : 0:  httparty (0.13.3) from /Users/romain/.rvm/gems/ruby-2.1.0/specifications/httparty-0.13.3.gemspec
I, [2015-05-21T12:09:25.118774 #5583]  INFO -- : 0:  method_source (0.8.2) from /Users/romain/.rvm/gems/ruby-2.1.0/specifications/method_source-0.8.2.gemspec
I, [2015-05-21T12:09:26.580983 #5583]  INFO -- : 0:  optionable (0.2.0) from /Users/romain/.rvm/gems/ruby-2.1.0/specifications/optionable-0.2.0.gemspec
I, [2015-05-21T12:09:27.944884 #5583]  INFO -- : 0:  moped (2.0.4) from /Users/romain/.rvm/gems/ruby-2.1.0/specifications/moped-2.0.4.gemspec
I, [2015-05-21T12:09:29.321025 #5583]  INFO -- : 0:  origin (2.1.1) from /Users/romain/.rvm/gems/ruby-2.1.0/specifications/origin-2.1.1.gemspec
I, [2015-05-21T12:09:32.117612 #5583]  INFO -- : 0:  mongoid (4.0.2) from /Users/romain/.rvm/gems/ruby-2.1.0/specifications/mongoid-4.0.2.gemspec
I, [2015-05-21T12:09:33.655959 #5583]  INFO -- : 0:  slop (3.6.0) from /Users/romain/.rvm/gems/ruby-2.1.0/specifications/slop-3.6.0.gemspec
I, [2015-05-21T12:09:35.053642 #5583]  INFO -- : 0:  pry (0.10.1) from /Users/romain/.rvm/gems/ruby-2.1.0/specifications/pry-0.10.1.gemspec
I, [2015-05-21T12:09:36.834122 #5583]  INFO -- : 0:  rack (1.6.0) from /Users/romain/.rvm/gems/ruby-2.1.0/specifications/rack-1.6.0.gemspec
I, [2015-05-21T12:09:38.517429 #5583]  INFO -- : 0:  rack-test (0.6.3) from /Users/romain/.rvm/gems/ruby-2.1.0/specifications/rack-test-0.6.3.gemspec
I, [2015-05-21T12:09:39.785220 #5583]  INFO -- : 0:  rspec-support (3.2.2) from /Users/romain/.rvm/gems/ruby-2.1.0/specifications/rspec-support-3.2.2.gemspec
I, [2015-05-21T12:09:41.285591 #5583]  INFO -- : 0:  rspec-core (3.2.3) from /Users/romain/.rvm/gems/ruby-2.1.0/specifications/rspec-core-3.2.3.gemspec
I, [2015-05-21T12:09:42.638879 #5583]  INFO -- : 0:  rspec-expectations (3.2.1) from /Users/romain/.rvm/gems/ruby-2.1.0/specifications/rspec-expectations-3.2.1.gemspec
I, [2015-05-21T12:09:44.151964 #5583]  INFO -- : 0:  rspec-mocks (3.2.1) from /Users/romain/.rvm/gems/ruby-2.1.0/specifications/rspec-mocks-3.2.1.gemspec
I, [2015-05-21T12:09:45.342157 #5583]  INFO -- : 0:  rspec (3.2.0) from /Users/romain/.rvm/gems/ruby-2.1.0/specifications/rspec-3.2.0.gemspec
I, [2015-05-21T12:09:46.995352 #5583]  INFO -- : 0:  webmock (1.21.0) from /Users/romain/.rvm/gems/ruby-2.1.0/specifications/webmock-1.21.0.gemspec
I, [2015-05-21T12:09:46.995927 #5583]  INFO -- : 0:  bundler (1.5.1) from /Users/romain/.rvm/gems/ruby-2.1.0@global/specifications/bundler-1.5.1.gemspec
